{"/Users/renato.balcazar/Documents/Projects/canchita-expo/app/components/containers/DashboardContainer.tsx": {"path":"/Users/renato.balcazar/Documents/Projects/canchita-expo/app/components/containers/DashboardContainer.tsx","statementMap":{"0":{"start":{"line":6,"column":0},"end":{"line":6,"column":24}},"1":{"start":{"line":1,"column":0},"end":{"line":1,"column":26}},"2":{"start":{"line":2,"column":0},"end":{"line":2,"column":54}},"3":{"start":{"line":3,"column":0},"end":{"line":3,"column":30}},"4":{"start":{"line":4,"column":0},"end":{"line":4,"column":34}},"5":{"start":{"line":7,"column":2},"end":{"line":50,"column":4}}},"fnMap":{"0":{"name":"DashboardContainer","decl":{"start":{"line":6,"column":24},"end":{"line":6,"column":42}},"loc":{"start":{"line":6,"column":42},"end":{"line":51,"column":1}}}},"branchMap":{},"s":{"0":0,"1":0,"2":0,"3":0,"4":0,"5":0},"f":{"0":0},"b":{}}
,"/Users/renato.balcazar/Documents/Projects/canchita-expo/app/components/containers/GroupContainer.tsx": {"path":"/Users/renato.balcazar/Documents/Projects/canchita-expo/app/components/containers/GroupContainer.tsx","statementMap":{"0":{"start":{"line":7,"column":0},"end":{"line":7,"column":24}},"1":{"start":{"line":1,"column":0},"end":{"line":1,"column":40}},"2":{"start":{"line":2,"column":0},"end":{"line":2,"column":54}},"3":{"start":{"line":3,"column":0},"end":{"line":3,"column":30}},"4":{"start":{"line":4,"column":0},"end":{"line":4,"column":34}},"5":{"start":{"line":5,"column":0},"end":{"line":5,"column":54}},"6":{"start":{"line":8,"column":19},"end":{"line":8,"column":38}},"7":{"start":{"line":9,"column":20},"end":{"line":22,"column":4}},"8":{"start":{"line":24,"column":2},"end":{"line":60,"column":4}},"9":{"start":{"line":41,"column":12},"end":{"line":45,"column":null}},"10":{"start":{"line":55,"column":12},"end":{"line":55,"column":68}}},"fnMap":{"0":{"name":"GroupContainer","decl":{"start":{"line":7,"column":24},"end":{"line":7,"column":38}},"loc":{"start":{"line":7,"column":38},"end":{"line":61,"column":1}}},"1":{"name":"(anonymous_11)","decl":{"start":{"line":40,"column":22},"end":{"line":40,"column":23}},"loc":{"start":{"line":41,"column":12},"end":{"line":45,"column":null}}},"2":{"name":"(anonymous_12)","decl":{"start":{"line":54,"column":23},"end":{"line":54,"column":24}},"loc":{"start":{"line":55,"column":12},"end":{"line":55,"column":68}}}},"branchMap":{"0":{"loc":{"start":{"line":31,"column":7},"end":{"line":48,"column":null}},"type":"cond-expr","locations":[{"start":{"line":32,"column":8},"end":{"line":36,"column":null}},{"start":{"line":39,"column":8},"end":{"line":47,"column":null}}]},"1":{"loc":{"start":{"line":44,"column":17},"end":{"line":44,"column":43}},"type":"binary-expr","locations":[{"start":{"line":44,"column":17},"end":{"line":44,"column":38}},{"start":{"line":44,"column":42},"end":{"line":44,"column":43}}]}},"s":{"0":0,"1":0,"2":0,"3":0,"4":0,"5":0,"6":0,"7":0,"8":0,"9":0,"10":0},"f":{"0":0,"1":0,"2":0},"b":{"0":[0,0],"1":[0,0]}}
,"/Users/renato.balcazar/Documents/Projects/canchita-expo/app/components/ui/Button.tsx": {"path":"/Users/renato.balcazar/Documents/Projects/canchita-expo/app/components/ui/Button.tsx","statementMap":{"0":{"start":{"line":11,"column":0},"end":{"line":11,"column":24}},"1":{"start":{"line":1,"column":0},"end":{"line":1,"column":26}},"2":{"start":{"line":2,"column":0},"end":{"line":2,"column":77}},"3":{"start":{"line":19,"column":21},"end":{"line":19,"column":38}},"4":{"start":{"line":20,"column":22},"end":{"line":20,"column":62}},"5":{"start":{"line":22,"column":25},"end":{"line":26,"column":4}},"6":{"start":{"line":28,"column":22},"end":{"line":33,"column":4}},"7":{"start":{"line":35,"column":29},"end":{"line":39,"column":4}},"8":{"start":{"line":41,"column":26},"end":{"line":46,"column":4}},"9":{"start":{"line":48,"column":2},"end":{"line":58,"column":4}}},"fnMap":{"0":{"name":"Button","decl":{"start":{"line":11,"column":24},"end":{"line":11,"column":30}},"loc":{"start":{"line":18,"column":14},"end":{"line":59,"column":1}}}},"branchMap":{"0":{"loc":{"start":{"line":14,"column":2},"end":{"line":14,"column":21}},"type":"default-arg","locations":[{"start":{"line":14,"column":12},"end":{"line":14,"column":21}}]},"1":{"loc":{"start":{"line":15,"column":2},"end":{"line":15,"column":17}},"type":"default-arg","locations":[{"start":{"line":15,"column":9},"end":{"line":15,"column":17}}]},"2":{"loc":{"start":{"line":19,"column":21},"end":{"line":19,"column":38}},"type":"binary-expr","locations":[{"start":{"line":19,"column":21},"end":{"line":19,"column":26}},{"start":{"line":19,"column":30},"end":{"line":19,"column":38}}]}},"s":{"0":0,"1":0,"2":0,"3":0,"4":0,"5":0,"6":0,"7":0,"8":0,"9":0},"f":{"0":0},"b":{"0":[0],"1":[0],"2":[0,0]}}
,"/Users/renato.balcazar/Documents/Projects/canchita-expo/app/components/ui/Card.tsx": {"path":"/Users/renato.balcazar/Documents/Projects/canchita-expo/app/components/ui/Card.tsx","statementMap":{"0":{"start":{"line":10,"column":0},"end":{"line":10,"column":24}},"1":{"start":{"line":1,"column":0},"end":{"line":1,"column":26}},"2":{"start":{"line":2,"column":0},"end":{"line":2,"column":53}},"3":{"start":{"line":11,"column":2},"end":{"line":22,"column":4}}},"fnMap":{"0":{"name":"Card","decl":{"start":{"line":10,"column":24},"end":{"line":10,"column":28}},"loc":{"start":{"line":10,"column":87},"end":{"line":23,"column":1}}}},"branchMap":{"0":{"loc":{"start":{"line":13,"column":77},"end":{"line":13,"column":92}},"type":"binary-expr","locations":[{"start":{"line":13,"column":77},"end":{"line":13,"column":86}},{"start":{"line":13,"column":90},"end":{"line":13,"column":92}}]},"1":{"loc":{"start":{"line":17,"column":7},"end":{"line":18,"column":null}},"type":"binary-expr","locations":[{"start":{"line":17,"column":7},"end":{"line":17,"column":12}},{"start":{"line":18,"column":8},"end":{"line":18,"column":81}}]}},"s":{"0":0,"1":0,"2":0,"3":0},"f":{"0":0},"b":{"0":[0,0],"1":[0,0]}}
,"/Users/renato.balcazar/Documents/Projects/canchita-expo/app/components/ui/PlayerCard.tsx": {"path":"/Users/renato.balcazar/Documents/Projects/canchita-expo/app/components/ui/PlayerCard.tsx","statementMap":{"0":{"start":{"line":22,"column":0},"end":{"line":22,"column":24}},"1":{"start":{"line":1,"column":0},"end":{"line":1,"column":26}},"2":{"start":{"line":2,"column":0},"end":{"line":2,"column":49}},"3":{"start":{"line":3,"column":0},"end":{"line":3,"column":26}},"4":{"start":{"line":23,"column":2},"end":{"line":60,"column":4}}},"fnMap":{"0":{"name":"PlayerCard","decl":{"start":{"line":22,"column":24},"end":{"line":22,"column":34}},"loc":{"start":{"line":22,"column":81},"end":{"line":61,"column":1}}}},"branchMap":{"0":{"loc":{"start":{"line":22,"column":45},"end":{"line":22,"column":62}},"type":"default-arg","locations":[{"start":{"line":22,"column":57},"end":{"line":22,"column":62}}]},"1":{"loc":{"start":{"line":27,"column":11},"end":{"line":34,"column":null}},"type":"cond-expr","locations":[{"start":{"line":28,"column":12},"end":{"line":31,"column":null}},{"start":{"line":34,"column":12},"end":{"line":34,"column":47}}]},"2":{"loc":{"start":{"line":40,"column":11},"end":{"line":41,"column":null}},"type":"binary-expr","locations":[{"start":{"line":40,"column":11},"end":{"line":40,"column":26}},{"start":{"line":41,"column":12},"end":{"line":41,"column":76}}]},"3":{"loc":{"start":{"line":44,"column":11},"end":{"line":55,"column":null}},"type":"binary-expr","locations":[{"start":{"line":44,"column":11},"end":{"line":44,"column":20}},{"start":{"line":44,"column":24},"end":{"line":44,"column":36}},{"start":{"line":45,"column":12},"end":{"line":54,"column":null}}]}},"s":{"0":0,"1":0,"2":0,"3":0,"4":0},"f":{"0":0},"b":{"0":[0],"1":[0,0],"2":[0,0],"3":[0,0,0]}}
,"/Users/renato.balcazar/Documents/Projects/canchita-expo/app/domain/login/usecase/createUserUseCase.tsx": {"path":"/Users/renato.balcazar/Documents/Projects/canchita-expo/app/domain/login/usecase/createUserUseCase.tsx","statementMap":{"0":{"start":{"line":6,"column":22},"end":{"line":6,"column":53}},"1":{"start":{"line":9,"column":25},"end":{"line":9,"column":78}},"2":{"start":{"line":11,"column":4},"end":{"line":13,"column":5}},"3":{"start":{"line":12,"column":6},"end":{"line":12,"column":61}},"4":{"start":{"line":15,"column":4},"end":{"line":17,"column":5}},"5":{"start":{"line":16,"column":6},"end":{"line":16,"column":46}},"6":{"start":{"line":19,"column":4},"end":{"line":21,"column":5}},"7":{"start":{"line":20,"column":6},"end":{"line":20,"column":69}},"8":{"start":{"line":23,"column":4},"end":{"line":25,"column":5}},"9":{"start":{"line":24,"column":6},"end":{"line":24,"column":46}},"10":{"start":{"line":27,"column":4},"end":{"line":29,"column":5}},"11":{"start":{"line":28,"column":6},"end":{"line":28,"column":63}},"12":{"start":{"line":31,"column":4},"end":{"line":31,"column":58}},"13":{"start":{"line":35,"column":23},"end":{"line":35,"column":51}},"14":{"start":{"line":36,"column":4},"end":{"line":36,"column":34}},"15":{"start":{"line":40,"column":4},"end":{"line":40,"column":32}},"16":{"start":{"line":5,"column":0},"end":{"line":5,"column":13}}},"fnMap":{"0":{"name":"(anonymous_0)","decl":{"start":{"line":6,"column":2},"end":{"line":6,"column":22}},"loc":{"start":{"line":6,"column":53},"end":{"line":6,"column":57}}},"1":{"name":"(anonymous_1)","decl":{"start":{"line":8,"column":2},"end":{"line":8,"column":7}},"loc":{"start":{"line":8,"column":43},"end":{"line":32,"column":3}}},"2":{"name":"(anonymous_2)","decl":{"start":{"line":34,"column":10},"end":{"line":34,"column":22}},"loc":{"start":{"line":34,"column":36},"end":{"line":37,"column":3}}},"3":{"name":"(anonymous_3)","decl":{"start":{"line":39,"column":10},"end":{"line":39,"column":25}},"loc":{"start":{"line":39,"column":42},"end":{"line":41,"column":3}}}},"branchMap":{"0":{"loc":{"start":{"line":11,"column":4},"end":{"line":13,"column":5}},"type":"if","locations":[{"start":{"line":11,"column":4},"end":{"line":13,"column":5}},{"start":{},"end":{}}]},"1":{"loc":{"start":{"line":15,"column":4},"end":{"line":17,"column":5}},"type":"if","locations":[{"start":{"line":15,"column":4},"end":{"line":17,"column":5}},{"start":{},"end":{}}]},"2":{"loc":{"start":{"line":19,"column":4},"end":{"line":21,"column":5}},"type":"if","locations":[{"start":{"line":19,"column":4},"end":{"line":21,"column":5}},{"start":{},"end":{}}]},"3":{"loc":{"start":{"line":23,"column":4},"end":{"line":25,"column":5}},"type":"if","locations":[{"start":{"line":23,"column":4},"end":{"line":25,"column":5}},{"start":{},"end":{}}]},"4":{"loc":{"start":{"line":27,"column":4},"end":{"line":29,"column":5}},"type":"if","locations":[{"start":{"line":27,"column":4},"end":{"line":29,"column":5}},{"start":{},"end":{}}]},"5":{"loc":{"start":{"line":27,"column":8},"end":{"line":27,"column":63}},"type":"binary-expr","locations":[{"start":{"line":27,"column":8},"end":{"line":27,"column":34}},{"start":{"line":27,"column":38},"end":{"line":27,"column":63}}]}},"s":{"0":7,"1":7,"2":7,"3":1,"4":6,"5":1,"6":5,"7":1,"8":4,"9":1,"10":3,"11":2,"12":1,"13":6,"14":6,"15":5,"16":1},"f":{"0":7,"1":7,"2":6,"3":5},"b":{"0":[1,6],"1":[1,5],"2":[1,4],"3":[1,3],"4":[2,1],"5":[3,2]}}
,"/Users/renato.balcazar/Documents/Projects/canchita-expo/app/domain/login/usecase/getUserUseCase.tsx": {"path":"/Users/renato.balcazar/Documents/Projects/canchita-expo/app/domain/login/usecase/getUserUseCase.tsx","statementMap":{"0":{"start":{"line":6,"column":22},"end":{"line":6,"column":53}},"1":{"start":{"line":9,"column":4},"end":{"line":11,"column":5}},"2":{"start":{"line":10,"column":6},"end":{"line":10,"column":45}},"3":{"start":{"line":13,"column":17},"end":{"line":13,"column":58}},"4":{"start":{"line":15,"column":4},"end":{"line":17,"column":5}},"5":{"start":{"line":16,"column":6},"end":{"line":16,"column":40}},"6":{"start":{"line":19,"column":4},"end":{"line":19,"column":16}},"7":{"start":{"line":23,"column":4},"end":{"line":25,"column":5}},"8":{"start":{"line":24,"column":6},"end":{"line":24,"column":43}},"9":{"start":{"line":27,"column":4},"end":{"line":29,"column":5}},"10":{"start":{"line":28,"column":6},"end":{"line":28,"column":46}},"11":{"start":{"line":31,"column":17},"end":{"line":31,"column":64}},"12":{"start":{"line":33,"column":4},"end":{"line":35,"column":5}},"13":{"start":{"line":34,"column":6},"end":{"line":34,"column":40}},"14":{"start":{"line":37,"column":4},"end":{"line":37,"column":16}},"15":{"start":{"line":41,"column":23},"end":{"line":41,"column":51}},"16":{"start":{"line":42,"column":4},"end":{"line":42,"column":34}},"17":{"start":{"line":5,"column":0},"end":{"line":5,"column":13}}},"fnMap":{"0":{"name":"(anonymous_0)","decl":{"start":{"line":6,"column":2},"end":{"line":6,"column":22}},"loc":{"start":{"line":6,"column":53},"end":{"line":6,"column":57}}},"1":{"name":"(anonymous_1)","decl":{"start":{"line":8,"column":2},"end":{"line":8,"column":7}},"loc":{"start":{"line":8,"column":30},"end":{"line":20,"column":3}}},"2":{"name":"(anonymous_2)","decl":{"start":{"line":22,"column":2},"end":{"line":22,"column":7}},"loc":{"start":{"line":22,"column":36},"end":{"line":38,"column":3}}},"3":{"name":"(anonymous_3)","decl":{"start":{"line":40,"column":10},"end":{"line":40,"column":22}},"loc":{"start":{"line":40,"column":36},"end":{"line":43,"column":3}}}},"branchMap":{"0":{"loc":{"start":{"line":9,"column":4},"end":{"line":11,"column":5}},"type":"if","locations":[{"start":{"line":9,"column":4},"end":{"line":11,"column":5}},{"start":{},"end":{}}]},"1":{"loc":{"start":{"line":15,"column":4},"end":{"line":17,"column":5}},"type":"if","locations":[{"start":{"line":15,"column":4},"end":{"line":17,"column":5}},{"start":{},"end":{}}]},"2":{"loc":{"start":{"line":23,"column":4},"end":{"line":25,"column":5}},"type":"if","locations":[{"start":{"line":23,"column":4},"end":{"line":25,"column":5}},{"start":{},"end":{}}]},"3":{"loc":{"start":{"line":27,"column":4},"end":{"line":29,"column":5}},"type":"if","locations":[{"start":{"line":27,"column":4},"end":{"line":29,"column":5}},{"start":{},"end":{}}]},"4":{"loc":{"start":{"line":33,"column":4},"end":{"line":35,"column":5}},"type":"if","locations":[{"start":{"line":33,"column":4},"end":{"line":35,"column":5}},{"start":{},"end":{}}]}},"s":{"0":7,"1":3,"2":1,"3":2,"4":2,"5":1,"6":1,"7":4,"8":1,"9":3,"10":1,"11":2,"12":2,"13":1,"14":1,"15":3,"16":3,"17":1},"f":{"0":7,"1":3,"2":4,"3":3},"b":{"0":[1,2],"1":[1,1],"2":[1,3],"3":[1,2],"4":[1,1]}}
,"/Users/renato.balcazar/Documents/Projects/canchita-expo/app/domain/login/usecase/loginUseCase.tsx": {"path":"/Users/renato.balcazar/Documents/Projects/canchita-expo/app/domain/login/usecase/loginUseCase.tsx","statementMap":{"0":{"start":{"line":6,"column":22},"end":{"line":6,"column":53}},"1":{"start":{"line":9,"column":4},"end":{"line":11,"column":5}},"2":{"start":{"line":10,"column":6},"end":{"line":10,"column":46}},"3":{"start":{"line":13,"column":4},"end":{"line":15,"column":5}},"4":{"start":{"line":14,"column":6},"end":{"line":14,"column":46}},"5":{"start":{"line":17,"column":17},"end":{"line":17,"column":76}},"6":{"start":{"line":19,"column":4},"end":{"line":21,"column":5}},"7":{"start":{"line":20,"column":6},"end":{"line":20,"column":51}},"8":{"start":{"line":23,"column":4},"end":{"line":25,"column":5}},"9":{"start":{"line":24,"column":6},"end":{"line":24,"column":48}},"10":{"start":{"line":27,"column":4},"end":{"line":27,"column":56}},"11":{"start":{"line":31,"column":23},"end":{"line":31,"column":51}},"12":{"start":{"line":32,"column":4},"end":{"line":32,"column":34}},"13":{"start":{"line":5,"column":0},"end":{"line":5,"column":13}}},"fnMap":{"0":{"name":"(anonymous_0)","decl":{"start":{"line":6,"column":2},"end":{"line":6,"column":22}},"loc":{"start":{"line":6,"column":53},"end":{"line":6,"column":57}}},"1":{"name":"(anonymous_1)","decl":{"start":{"line":8,"column":2},"end":{"line":8,"column":7}},"loc":{"start":{"line":8,"column":41},"end":{"line":28,"column":3}}},"2":{"name":"(anonymous_2)","decl":{"start":{"line":30,"column":10},"end":{"line":30,"column":22}},"loc":{"start":{"line":30,"column":36},"end":{"line":33,"column":3}}}},"branchMap":{"0":{"loc":{"start":{"line":9,"column":4},"end":{"line":11,"column":5}},"type":"if","locations":[{"start":{"line":9,"column":4},"end":{"line":11,"column":5}},{"start":{},"end":{}}]},"1":{"loc":{"start":{"line":13,"column":4},"end":{"line":15,"column":5}},"type":"if","locations":[{"start":{"line":13,"column":4},"end":{"line":15,"column":5}},{"start":{},"end":{}}]},"2":{"loc":{"start":{"line":19,"column":4},"end":{"line":21,"column":5}},"type":"if","locations":[{"start":{"line":19,"column":4},"end":{"line":21,"column":5}},{"start":{},"end":{}}]},"3":{"loc":{"start":{"line":23,"column":4},"end":{"line":25,"column":5}},"type":"if","locations":[{"start":{"line":23,"column":4},"end":{"line":25,"column":5}},{"start":{},"end":{}}]}},"s":{"0":5,"1":5,"2":1,"3":4,"4":1,"5":3,"6":3,"7":1,"8":2,"9":1,"10":1,"11":5,"12":5,"13":1},"f":{"0":5,"1":5,"2":5},"b":{"0":[1,4],"1":[1,3],"2":[1,2],"3":[1,1]}}
,"/Users/renato.balcazar/Documents/Projects/canchita-expo/app/domain/login/usecase/logoutUseCase.tsx": {"path":"/Users/renato.balcazar/Documents/Projects/canchita-expo/app/domain/login/usecase/logoutUseCase.tsx","statementMap":{"0":{"start":{"line":5,"column":22},"end":{"line":5,"column":53}},"1":{"start":{"line":8,"column":4},"end":{"line":10,"column":5}},"2":{"start":{"line":9,"column":6},"end":{"line":9,"column":43}},"3":{"start":{"line":12,"column":25},"end":{"line":12,"column":71}},"4":{"start":{"line":14,"column":4},"end":{"line":16,"column":5}},"5":{"start":{"line":15,"column":6},"end":{"line":15,"column":39}},"6":{"start":{"line":18,"column":4},"end":{"line":18,"column":44}},"7":{"start":{"line":4,"column":0},"end":{"line":4,"column":13}}},"fnMap":{"0":{"name":"(anonymous_0)","decl":{"start":{"line":5,"column":2},"end":{"line":5,"column":22}},"loc":{"start":{"line":5,"column":53},"end":{"line":5,"column":57}}},"1":{"name":"(anonymous_1)","decl":{"start":{"line":7,"column":2},"end":{"line":7,"column":7}},"loc":{"start":{"line":7,"column":29},"end":{"line":19,"column":3}}}},"branchMap":{"0":{"loc":{"start":{"line":8,"column":4},"end":{"line":10,"column":5}},"type":"if","locations":[{"start":{"line":8,"column":4},"end":{"line":10,"column":5}},{"start":{},"end":{}}]},"1":{"loc":{"start":{"line":14,"column":4},"end":{"line":16,"column":5}},"type":"if","locations":[{"start":{"line":14,"column":4},"end":{"line":16,"column":5}},{"start":{},"end":{}}]}},"s":{"0":3,"1":3,"2":1,"3":2,"4":2,"5":1,"6":1,"7":1},"f":{"0":3,"1":3},"b":{"0":[1,2],"1":[1,1]}}
,"/Users/renato.balcazar/Documents/Projects/canchita-expo/app/domain/login/usecase/refreshTokenUseCase.tsx": {"path":"/Users/renato.balcazar/Documents/Projects/canchita-expo/app/domain/login/usecase/refreshTokenUseCase.tsx","statementMap":{"0":{"start":{"line":6,"column":22},"end":{"line":6,"column":53}},"1":{"start":{"line":9,"column":4},"end":{"line":11,"column":5}},"2":{"start":{"line":10,"column":6},"end":{"line":10,"column":51}},"3":{"start":{"line":13,"column":4},"end":{"line":17,"column":5}},"4":{"start":{"line":14,"column":6},"end":{"line":14,"column":66}},"5":{"start":{"line":16,"column":6},"end":{"line":16,"column":58}},"6":{"start":{"line":5,"column":0},"end":{"line":5,"column":13}}},"fnMap":{"0":{"name":"(anonymous_0)","decl":{"start":{"line":6,"column":2},"end":{"line":6,"column":22}},"loc":{"start":{"line":6,"column":53},"end":{"line":6,"column":57}}},"1":{"name":"(anonymous_1)","decl":{"start":{"line":8,"column":2},"end":{"line":8,"column":7}},"loc":{"start":{"line":8,"column":36},"end":{"line":18,"column":3}}}},"branchMap":{"0":{"loc":{"start":{"line":9,"column":4},"end":{"line":11,"column":5}},"type":"if","locations":[{"start":{"line":9,"column":4},"end":{"line":11,"column":5}},{"start":{},"end":{}}]}},"s":{"0":3,"1":3,"2":1,"3":2,"4":2,"5":1,"6":1},"f":{"0":3,"1":3},"b":{"0":[1,2]}}
}
