TN:
SF:app/components/containers/DashboardContainer.tsx
FN:6,DashboardContainer
FNF:1
FNH:0
FNDA:0,DashboardContainer
DA:1,0
DA:2,0
DA:3,0
DA:4,0
DA:6,0
DA:7,0
LF:6
LH:0
BRF:0
BRH:0
end_of_record
TN:
SF:app/components/containers/GroupContainer.tsx
FN:7,GroupContainer
FN:40,(anonymous_11)
FN:54,(anonymous_12)
FNF:3
FNH:0
FNDA:0,GroupContainer
FNDA:0,(anonymous_11)
FNDA:0,(anonymous_12)
DA:1,0
DA:2,0
DA:3,0
DA:4,0
DA:5,0
DA:7,0
DA:8,0
DA:9,0
DA:24,0
DA:41,0
DA:55,0
LF:11
LH:0
BRDA:31,0,0,0
BRDA:31,0,1,0
BRDA:44,1,0,0
BRDA:44,1,1,0
BRF:4
BRH:0
end_of_record
TN:
SF:app/components/ui/Button.tsx
FN:11,Button
FNF:1
FNH:0
FNDA:0,Button
DA:1,0
DA:2,0
DA:11,0
DA:19,0
DA:20,0
DA:22,0
DA:28,0
DA:35,0
DA:41,0
DA:48,0
LF:10
LH:0
BRDA:14,0,0,0
BRDA:15,1,0,0
BRDA:19,2,0,0
BRDA:19,2,1,0
BRF:4
BRH:0
end_of_record
TN:
SF:app/components/ui/Card.tsx
FN:10,Card
FNF:1
FNH:0
FNDA:0,Card
DA:1,0
DA:2,0
DA:10,0
DA:11,0
LF:4
LH:0
BRDA:13,0,0,0
BRDA:13,0,1,0
BRDA:17,1,0,0
BRDA:17,1,1,0
BRF:4
BRH:0
end_of_record
TN:
SF:app/components/ui/PlayerCard.tsx
FN:22,PlayerCard
FNF:1
FNH:0
FNDA:0,PlayerCard
DA:1,0
DA:2,0
DA:3,0
DA:22,0
DA:23,0
LF:5
LH:0
BRDA:22,0,0,0
BRDA:27,1,0,0
BRDA:27,1,1,0
BRDA:40,2,0,0
BRDA:40,2,1,0
BRDA:44,3,0,0
BRDA:44,3,1,0
BRDA:44,3,2,0
BRF:8
BRH:0
end_of_record
TN:
SF:app/domain/interactor/auth/logoutUseCase.tsx
FN:5,(anonymous_0)
FN:7,(anonymous_1)
FNF:2
FNH:0
FNDA:0,(anonymous_0)
FNDA:0,(anonymous_1)
DA:4,0
DA:5,0
DA:8,0
DA:9,0
DA:12,0
DA:14,0
DA:15,0
DA:18,0
LF:8
LH:0
BRDA:8,0,0,0
BRDA:8,0,1,0
BRDA:14,1,0,0
BRDA:14,1,1,0
BRF:4
BRH:0
end_of_record
TN:
SF:app/domain/interactor/group/createGroupUseCase.tsx
FN:7,(anonymous_0)
FN:12,(anonymous_1)
FNF:2
FNH:2
FNDA:4,(anonymous_0)
FNDA:4,(anonymous_1)
DA:6,1
DA:8,4
DA:9,4
DA:13,4
DA:14,1
DA:17,3
DA:18,1
DA:21,2
DA:22,2
DA:23,1
DA:26,1
LF:11
LH:11
BRDA:13,0,0,1
BRDA:13,0,1,3
BRDA:17,1,0,1
BRDA:17,1,1,2
BRDA:22,2,0,1
BRDA:22,2,1,1
BRF:6
BRH:6
end_of_record
TN:
SF:app/domain/interactor/group/deleteGroupUseCase.tsx
FN:5,(anonymous_0)
FN:7,(anonymous_1)
FNF:2
FNH:2
FNDA:3,(anonymous_0)
FNDA:3,(anonymous_1)
DA:4,1
DA:5,3
DA:8,3
DA:9,1
DA:12,2
DA:13,2
DA:14,1
DA:17,1
LF:8
LH:8
BRDA:8,0,0,1
BRDA:8,0,1,2
BRDA:13,1,0,1
BRDA:13,1,1,1
BRF:4
BRH:4
end_of_record
TN:
SF:app/domain/interactor/group/getGroupUseCase.tsx
FN:6,(anonymous_0)
FN:8,(anonymous_1)
FNF:2
FNH:2
FNDA:3,(anonymous_0)
FNDA:3,(anonymous_1)
DA:5,1
DA:6,3
DA:9,3
DA:10,1
DA:13,2
LF:5
LH:5
BRDA:9,0,0,1
BRDA:9,0,1,2
BRF:2
BRH:2
end_of_record
TN:
SF:app/domain/interactor/group/getGroupsByOwnerUseCase.tsx
FN:6,(anonymous_0)
FN:8,(anonymous_1)
FNF:2
FNH:2
FNDA:3,(anonymous_0)
FNDA:3,(anonymous_1)
DA:5,1
DA:6,3
DA:9,3
DA:10,1
DA:13,2
LF:5
LH:5
BRDA:9,0,0,1
BRDA:9,0,1,2
BRF:2
BRH:2
end_of_record
TN:
SF:app/domain/interactor/group/updateGroupUseCase.tsx
FN:6,(anonymous_0)
FN:8,(anonymous_1)
FNF:2
FNH:2
FNDA:4,(anonymous_0)
FNDA:4,(anonymous_1)
DA:5,1
DA:6,4
DA:9,4
DA:10,1
DA:13,3
DA:14,3
DA:15,1
DA:18,2
DA:19,1
DA:22,1
LF:10
LH:10
BRDA:9,0,0,1
BRDA:9,0,1,3
BRDA:14,1,0,1
BRDA:14,1,1,2
BRDA:18,2,0,1
BRDA:18,2,1,1
BRDA:18,3,0,2
BRDA:18,3,1,2
BRF:8
BRH:8
end_of_record
TN:
SF:app/domain/interactor/groupMember/addGroupMemberUseCase.tsx
FN:7,(anonymous_0)
FN:12,(anonymous_1)
FN:33,(anonymous_2)
FNF:3
FNH:3
FNDA:5,(anonymous_0)
FNDA:5,(anonymous_1)
FNDA:3,(anonymous_2)
DA:6,1
DA:8,5
DA:9,5
DA:13,5
DA:14,1
DA:17,4
DA:18,1
DA:21,3
DA:22,1
DA:25,2
DA:26,2
DA:27,1
DA:30,1
DA:34,3
DA:35,3
LF:15
LH:15
BRDA:13,0,0,1
BRDA:13,0,1,4
BRDA:17,1,0,1
BRDA:17,1,1,3
BRDA:21,2,0,1
BRDA:21,2,1,2
BRDA:26,3,0,1
BRDA:26,3,1,1
BRF:8
BRH:8
end_of_record
TN:
SF:app/domain/interactor/groupMember/getGroupMemberUseCase.tsx
FN:6,(anonymous_0)
FN:8,(anonymous_1)
FNF:2
FNH:2
FNDA:3,(anonymous_0)
FNDA:3,(anonymous_1)
DA:5,1
DA:6,3
DA:9,3
DA:10,1
DA:13,2
LF:5
LH:5
BRDA:9,0,0,1
BRDA:9,0,1,2
BRF:2
BRH:2
end_of_record
TN:
SF:app/domain/interactor/groupMember/getMembersByGroupUseCase.tsx
FN:6,(anonymous_0)
FN:8,(anonymous_1)
FNF:2
FNH:2
FNDA:3,(anonymous_0)
FNDA:3,(anonymous_1)
DA:5,1
DA:6,3
DA:9,3
DA:10,1
DA:13,2
LF:5
LH:5
BRDA:9,0,0,1
BRDA:9,0,1,2
BRF:2
BRH:2
end_of_record
TN:
SF:app/domain/interactor/groupMember/linkMemberToProfileUseCase.tsx
FN:7,(anonymous_0)
FN:12,(anonymous_1)
FNF:2
FNH:2
FNDA:6,(anonymous_0)
FNDA:6,(anonymous_1)
DA:6,1
DA:8,6
DA:9,6
DA:13,6
DA:14,1
DA:17,5
DA:18,1
DA:21,4
DA:22,4
DA:23,1
DA:26,3
DA:27,3
DA:28,1
DA:31,2
DA:32,1
DA:35,1
LF:16
LH:16
BRDA:13,0,0,1
BRDA:13,0,1,5
BRDA:17,1,0,1
BRDA:17,1,1,4
BRDA:22,2,0,1
BRDA:22,2,1,3
BRDA:27,3,0,1
BRDA:27,3,1,2
BRDA:31,4,0,1
BRDA:31,4,1,1
BRF:10
BRH:10
end_of_record
TN:
SF:app/domain/interactor/groupMember/removeGroupMemberUseCase.tsx
FN:5,(anonymous_0)
FN:7,(anonymous_1)
FNF:2
FNH:2
FNDA:3,(anonymous_0)
FNDA:3,(anonymous_1)
DA:4,1
DA:5,3
DA:8,3
DA:9,1
DA:12,2
DA:13,2
DA:14,1
DA:17,1
LF:8
LH:8
BRDA:8,0,0,1
BRDA:8,0,1,2
BRDA:13,1,0,1
BRDA:13,1,1,1
BRF:4
BRH:4
end_of_record
TN:
SF:app/domain/interactor/groupMember/updateGroupMemberUseCase.tsx
FN:6,(anonymous_0)
FN:8,(anonymous_1)
FN:29,(anonymous_2)
FNF:3
FNH:3
FNDA:5,(anonymous_0)
FNDA:5,(anonymous_1)
FNDA:1,(anonymous_2)
DA:5,1
DA:6,5
DA:9,5
DA:10,1
DA:13,4
DA:14,4
DA:15,1
DA:18,3
DA:19,1
DA:22,2
DA:23,1
DA:26,1
DA:30,1
DA:31,1
LF:14
LH:14
BRDA:9,0,0,1
BRDA:9,0,1,4
BRDA:14,1,0,1
BRDA:14,1,1,3
BRDA:18,2,0,1
BRDA:18,2,1,2
BRDA:18,3,0,3
BRDA:18,3,1,2
BRDA:22,4,0,1
BRDA:22,4,1,1
BRDA:22,5,0,2
BRDA:22,5,1,1
BRF:12
BRH:12
end_of_record
TN:
SF:app/domain/interactor/userProfile/createUserProfileUseCase.tsx
FN:6,(anonymous_0)
FN:8,(anonymous_1)
FN:25,(anonymous_2)
FNF:3
FNH:3
FNDA:4,(anonymous_0)
FNDA:4,(anonymous_1)
FNDA:4,(anonymous_2)
DA:5,1
DA:6,4
DA:9,4
DA:10,1
DA:13,3
DA:14,1
DA:17,2
DA:18,2
DA:19,1
DA:22,1
DA:26,4
DA:27,4
LF:12
LH:12
BRDA:9,0,0,1
BRDA:9,0,1,3
BRDA:13,1,0,1
BRDA:13,1,1,2
BRDA:18,2,0,1
BRDA:18,2,1,1
BRF:6
BRH:6
end_of_record
TN:
SF:app/domain/interactor/userProfile/getUserProfileUseCase.tsx
FN:6,(anonymous_0)
FN:8,(anonymous_1)
FNF:2
FNH:2
FNDA:3,(anonymous_0)
FNDA:3,(anonymous_1)
DA:5,1
DA:6,3
DA:9,3
DA:10,1
DA:13,2
LF:5
LH:5
BRDA:9,0,0,1
BRDA:9,0,1,2
BRF:2
BRH:2
end_of_record
TN:
SF:app/domain/interactor/userProfile/updateUserProfileUseCase.tsx
FN:6,(anonymous_0)
FN:8,(anonymous_1)
FNF:2
FNH:2
FNDA:4,(anonymous_0)
FNDA:4,(anonymous_1)
DA:5,1
DA:6,4
DA:9,4
DA:10,1
DA:13,3
DA:14,3
DA:15,1
DA:18,2
DA:19,1
DA:22,1
LF:10
LH:10
BRDA:9,0,0,1
BRDA:9,0,1,3
BRDA:14,1,0,1
BRDA:14,1,1,2
BRDA:18,2,0,1
BRDA:18,2,1,1
BRDA:18,3,0,2
BRDA:18,3,1,2
BRF:8
BRH:8
end_of_record
TN:
SF:app/domain/interactor/userProfile/verifyUserProfileUseCase.tsx
FN:6,(anonymous_0)
FN:8,(anonymous_1)
FNF:2
FNH:2
FNDA:4,(anonymous_0)
FNDA:4,(anonymous_1)
DA:5,1
DA:6,4
DA:9,4
DA:10,1
DA:13,3
DA:14,3
DA:15,1
DA:18,2
DA:19,1
DA:22,1
LF:10
LH:10
BRDA:9,0,0,1
BRDA:9,0,1,3
BRDA:14,1,0,1
BRDA:14,1,1,2
BRDA:18,2,0,1
BRDA:18,2,1,1
BRF:6
BRH:6
end_of_record
