TN:
SF:app/components/containers/DashboardContainer.tsx
FN:6,DashboardContainer
FNF:1
FNH:0
FNDA:0,DashboardContainer
DA:1,0
DA:2,0
DA:3,0
DA:4,0
DA:6,0
DA:7,0
LF:6
LH:0
BRF:0
BRH:0
end_of_record
TN:
SF:app/components/containers/GroupContainer.tsx
FN:7,GroupContainer
FN:40,(anonymous_11)
FN:54,(anonymous_12)
FNF:3
FNH:0
FNDA:0,GroupContainer
FNDA:0,(anonymous_11)
FNDA:0,(anonymous_12)
DA:1,0
DA:2,0
DA:3,0
DA:4,0
DA:5,0
DA:7,0
DA:8,0
DA:9,0
DA:24,0
DA:41,0
DA:55,0
LF:11
LH:0
BRDA:31,0,0,0
BRDA:31,0,1,0
BRDA:44,1,0,0
BRDA:44,1,1,0
BRF:4
BRH:0
end_of_record
TN:
SF:app/components/ui/Button.tsx
FN:11,Button
FNF:1
FNH:0
FNDA:0,Button
DA:1,0
DA:2,0
DA:11,0
DA:19,0
DA:20,0
DA:22,0
DA:28,0
DA:35,0
DA:41,0
DA:48,0
LF:10
LH:0
BRDA:14,0,0,0
BRDA:15,1,0,0
BRDA:19,2,0,0
BRDA:19,2,1,0
BRF:4
BRH:0
end_of_record
TN:
SF:app/components/ui/Card.tsx
FN:10,Card
FNF:1
FNH:0
FNDA:0,Card
DA:1,0
DA:2,0
DA:10,0
DA:11,0
LF:4
LH:0
BRDA:13,0,0,0
BRDA:13,0,1,0
BRDA:17,1,0,0
BRDA:17,1,1,0
BRF:4
BRH:0
end_of_record
TN:
SF:app/components/ui/PlayerCard.tsx
FN:22,PlayerCard
FNF:1
FNH:0
FNDA:0,PlayerCard
DA:1,0
DA:2,0
DA:3,0
DA:22,0
DA:23,0
LF:5
LH:0
BRDA:22,0,0,0
BRDA:27,1,0,0
BRDA:27,1,1,0
BRDA:40,2,0,0
BRDA:40,2,1,0
BRDA:44,3,0,0
BRDA:44,3,1,0
BRDA:44,3,2,0
BRF:8
BRH:0
end_of_record
TN:
SF:app/domain/login/usecase/createUserUseCase.tsx
FN:6,(anonymous_0)
FN:8,(anonymous_1)
FN:34,(anonymous_2)
FN:39,(anonymous_3)
FNF:4
FNH:4
FNDA:7,(anonymous_0)
FNDA:7,(anonymous_1)
FNDA:6,(anonymous_2)
FNDA:5,(anonymous_3)
DA:5,1
DA:6,7
DA:9,7
DA:11,7
DA:12,1
DA:15,6
DA:16,1
DA:19,5
DA:20,1
DA:23,4
DA:24,1
DA:27,3
DA:28,2
DA:31,1
DA:35,6
DA:36,6
DA:40,5
LF:17
LH:17
BRDA:11,0,0,1
BRDA:11,0,1,6
BRDA:15,1,0,1
BRDA:15,1,1,5
BRDA:19,2,0,1
BRDA:19,2,1,4
BRDA:23,3,0,1
BRDA:23,3,1,3
BRDA:27,4,0,2
BRDA:27,4,1,1
BRDA:27,5,0,3
BRDA:27,5,1,2
BRF:12
BRH:12
end_of_record
TN:
SF:app/domain/login/usecase/getUserUseCase.tsx
FN:6,(anonymous_0)
FN:8,(anonymous_1)
FN:22,(anonymous_2)
FN:40,(anonymous_3)
FNF:4
FNH:4
FNDA:7,(anonymous_0)
FNDA:3,(anonymous_1)
FNDA:4,(anonymous_2)
FNDA:3,(anonymous_3)
DA:5,1
DA:6,7
DA:9,3
DA:10,1
DA:13,2
DA:15,2
DA:16,1
DA:19,1
DA:23,4
DA:24,1
DA:27,3
DA:28,1
DA:31,2
DA:33,2
DA:34,1
DA:37,1
DA:41,3
DA:42,3
LF:18
LH:18
BRDA:9,0,0,1
BRDA:9,0,1,2
BRDA:15,1,0,1
BRDA:15,1,1,1
BRDA:23,2,0,1
BRDA:23,2,1,3
BRDA:27,3,0,1
BRDA:27,3,1,2
BRDA:33,4,0,1
BRDA:33,4,1,1
BRF:10
BRH:10
end_of_record
TN:
SF:app/domain/login/usecase/loginUseCase.tsx
FN:6,(anonymous_0)
FN:8,(anonymous_1)
FN:30,(anonymous_2)
FNF:3
FNH:3
FNDA:5,(anonymous_0)
FNDA:5,(anonymous_1)
FNDA:5,(anonymous_2)
DA:5,1
DA:6,5
DA:9,5
DA:10,1
DA:13,4
DA:14,1
DA:17,3
DA:19,3
DA:20,1
DA:23,2
DA:24,1
DA:27,1
DA:31,5
DA:32,5
LF:14
LH:14
BRDA:9,0,0,1
BRDA:9,0,1,4
BRDA:13,1,0,1
BRDA:13,1,1,3
BRDA:19,2,0,1
BRDA:19,2,1,2
BRDA:23,3,0,1
BRDA:23,3,1,1
BRF:8
BRH:8
end_of_record
TN:
SF:app/domain/login/usecase/logoutUseCase.tsx
FN:5,(anonymous_0)
FN:7,(anonymous_1)
FNF:2
FNH:2
FNDA:3,(anonymous_0)
FNDA:3,(anonymous_1)
DA:4,1
DA:5,3
DA:8,3
DA:9,1
DA:12,2
DA:14,2
DA:15,1
DA:18,1
LF:8
LH:8
BRDA:8,0,0,1
BRDA:8,0,1,2
BRDA:14,1,0,1
BRDA:14,1,1,1
BRF:4
BRH:4
end_of_record
TN:
SF:app/domain/login/usecase/refreshTokenUseCase.tsx
FN:6,(anonymous_0)
FN:8,(anonymous_1)
FNF:2
FNH:2
FNDA:3,(anonymous_0)
FNDA:3,(anonymous_1)
DA:5,1
DA:6,3
DA:9,3
DA:10,1
DA:13,2
DA:14,2
DA:16,1
LF:7
LH:7
BRDA:9,0,0,1
BRDA:9,0,1,2
BRF:2
BRH:2
end_of_record
